<?xml version="1.0" encoding="UTF-8"?>
<testsuite xmlns:xsi="http://www.w3.org/2001/XMLSchema-instance" xsi:noNamespaceSchemaLocation="https://maven.apache.org/surefire/maven-surefire-plugin/xsd/surefire-test-report.xsd" name="com.proyecto.demo.AppTest" time="0.089" tests="15" errors="0" skipped="0" failures="0">
  <properties>
[...]
</properties>
  <testcase name="bowlingScoreTest1" classname="com.proyecto.demo.AppTest" time="0.025"/>
  <testcase name="bowlingScoreTest2" classname="com.proyecto.demo.AppTest" time="0"/>
  <testcase name="bowlingScoreTest3" classname="com.proyecto.demo.AppTest" time="0"/>
  <testcase name="bowlingScoreTest4" classname="com.proyecto.demo.AppTest" time="0"/>
  <testcase name="bowlingScoreTest5" classname="com.proyecto.demo.AppTest" time="0"/>
  <testcase name="bowlingScoreTest6" classname="com.proyecto.demo.AppTest" time="0"/>
  <testcase name="bowlingScoreTest7" classname="com.proyecto.demo.AppTest" time="0.001"/>
  <testcase name="bowlingScoreTest8" classname="com.proyecto.demo.AppTest" time="0"/>
  <testcase name="bowlingScoreTest9" classname="com.proyecto.demo.AppTest" time="0"/>
  <testcase name="bowlingScoreTest10" classname="com.proyecto.demo.AppTest" time="0.001"/>
  <testcase name="bowlingScoreTest11" classname="com.proyecto.demo.AppTest" time="0"/>
  <testcase name="bowlingScoreTest12" classname="com.proyecto.demo.AppTest" time="0"/>
  <testcase name="bowlingScoreTest13" classname="com.proyecto.demo.AppTest" time="0"/>
  <testcase name="bowlingScoreTest14" classname="com.proyecto.demo.AppTest" time="0"/>
  <testcase name="bowlingScoreTest" classname="com.proyecto.demo.AppTest" time="0"/>
</testsuite>